---------------------------------------------------
Autograding ...
---------------------------------------------------
The stderr will be logged to file  ./eval_acc.log
command you are executing  /usr/local/Cellar/spark-1.3.0-bin-hadoop2.4/bin/spark-submit dsgd_mf.py 20 5 100 0.43125 0.1 ../autolab_train.csv ./w.csv ./h.csv
Analyzing your memory usage and Efficiency..

testing  1

time (s): 36.5006539822
memory (byte): 534884352
testing  2

time (s): 36.4833781719
memory (byte): 534884352
testing  3

time (s): 36.93445611
memory (byte): 534884352
testing  4

time (s): 36.2907149792
memory (byte): 535265280
testing  5

time (s): 36.1261610985
memory (byte): 535265280


average time usage (s): 36.4670728683
average memory usage (byte): 535036723
